<?xml version="1.0" encoding="UTF-8"?>
<!-- Generated by org.testng.reporters.JUnitReportReporter -->
<testsuite hostname="DESKTOP-KKBRB00" failures="0" tests="2" name="runner.OrderHooksRunner" time="0.287" errors="0" timestamp="2024-10-09T20:18:18 IST" skipped="0">
  <testcase classname="runner.OrderHooksRunner" name="runScenario" time="0.029"/>
  <system-out/>
  <testcase classname="runner.OrderHooksRunner" name="runScenario" time="0.258"/>
  <system-out/>
</testsuite> <!-- runner.OrderHooksRunner -->
