<?xml version="1.0" encoding="UTF-8"?>
<!-- Generated by org.testng.reporters.JUnitReportReporter -->
<testsuite hostname="DESKTOP-KKBRB00" failures="0" tests="1" name="runner.AddProduct2CartRunner" time="0.389" errors="0" timestamp="2024-10-14T13:26:44 IST" skipped="0">
  <testcase classname="runner.AddProduct2CartRunner" name="runScenario" time="0.389"/>
  <system-out/>
</testsuite> <!-- runner.AddProduct2CartRunner -->
