<?xml version="1.0" encoding="UTF-8"?>
<!-- Generated by org.testng.reporters.JUnitReportReporter -->
<testsuite hostname="DESKTOP-KKBRB00" failures="0" tests="3" name="runner.CampaignsTagsRunner" time="0.578" errors="0" timestamp="2024-10-10T20:04:33 IST" skipped="0">
  <testcase classname="runner.CampaignsTagsRunner" name="runScenario" time="0.026"/>
  <system-out/>
  <testcase classname="runner.CampaignsTagsRunner" name="runScenario" time="0.520"/>
  <system-out/>
  <testcase classname="runner.CampaignsTagsRunner" name="runScenario" time="0.032"/>
  <system-out/>
</testsuite> <!-- runner.CampaignsTagsRunner -->
