<?xml version="1.0" encoding="UTF-8"?>
<!-- Generated by org.testng.reporters.JUnitReportReporter -->
<testsuite hostname="DESKTOP-KKBRB00" failures="0" tests="2" name="runner.LoginRunner" time="0.225" errors="0" timestamp="2024-10-04T18:52:34 IST" skipped="0">
  <testcase classname="runner.LoginRunner" name="runScenario" time="0.035"/>
  <system-out/>
  <testcase classname="runner.LoginRunner" name="runScenario" time="0.190"/>
  <system-out/>
</testsuite> <!-- runner.LoginRunner -->
