<?xml version="1.0" encoding="UTF-8"?>
<!-- Generated by org.testng.reporters.JUnitReportReporter -->
<testsuite hostname="DESKTOP-KKBRB00" failures="0" tests="1" name="runner.RegistrationRunner" time="0.231" errors="0" timestamp="2024-10-08T19:55:49 IST" skipped="0">
  <testcase classname="runner.RegistrationRunner" name="runScenario" time="0.231"/>
  <system-out/>
</testsuite> <!-- runner.RegistrationRunner -->
