<?xml version="1.0" encoding="UTF-8"?>
<!-- Generated by org.testng.reporters.JUnitReportReporter -->
<testsuite hostname="DESKTOP-KKBRB00" failures="0" tests="3" name="UiFeature.AmazonTestRunner" time="0.496" errors="3" timestamp="2024-10-18T13:02:57 IST" skipped="0">
  <testcase classname="UiFeature.AmazonTestRunner" name="runScenario" time="0.397">
    <error message="C:\Users\dell\eclipse-workspace\ATT28Sept\src\test\resources\Config.properties (The system cannot find the file specified)" type="java.io.FileNotFoundException">
      <![CDATA[java.io.FileNotFoundException: C:\Users\dell\eclipse-workspace\ATT28Sept\src\test\resources\Config.properties (The system cannot find the file specified)
at java.base/java.io.FileInputStream.open0(Native Method)
at java.base/java.io.FileInputStream.open(FileInputStream.java:216)
at java.base/java.io.FileInputStream.<init>(FileInputStream.java:157)
at java.base/java.io.FileInputStream.<init>(FileInputStream.java:111)
at utility.PropertyReader.readPropData(PropertyReader.java:19)
at UiFeature.ApplicationHooks.openBrowser(ApplicationHooks.java:23)
]]>
    </error>
  </testcase> <!-- runScenario -->
  <system-out/>
  <testcase classname="UiFeature.AmazonTestRunner" name="runScenario" time="0.034">
    <error message="C:\Users\dell\eclipse-workspace\ATT28Sept\src\test\resources\Config.properties (The system cannot find the file specified)" type="java.io.FileNotFoundException">
      <![CDATA[java.io.FileNotFoundException: C:\Users\dell\eclipse-workspace\ATT28Sept\src\test\resources\Config.properties (The system cannot find the file specified)
at java.base/java.io.FileInputStream.open0(Native Method)
at java.base/java.io.FileInputStream.open(FileInputStream.java:216)
at java.base/java.io.FileInputStream.<init>(FileInputStream.java:157)
at java.base/java.io.FileInputStream.<init>(FileInputStream.java:111)
at utility.PropertyReader.readPropData(PropertyReader.java:19)
at UiFeature.ApplicationHooks.openBrowser(ApplicationHooks.java:23)
]]>
    </error>
  </testcase> <!-- runScenario -->
  <system-out/>
  <testcase classname="UiFeature.AmazonTestRunner" name="runScenario" time="0.065">
    <error message="C:\Users\dell\eclipse-workspace\ATT28Sept\src\test\resources\Config.properties (The system cannot find the file specified)" type="java.io.FileNotFoundException">
      <![CDATA[java.io.FileNotFoundException: C:\Users\dell\eclipse-workspace\ATT28Sept\src\test\resources\Config.properties (The system cannot find the file specified)
at java.base/java.io.FileInputStream.open0(Native Method)
at java.base/java.io.FileInputStream.open(FileInputStream.java:216)
at java.base/java.io.FileInputStream.<init>(FileInputStream.java:157)
at java.base/java.io.FileInputStream.<init>(FileInputStream.java:111)
at utility.PropertyReader.readPropData(PropertyReader.java:19)
at UiFeature.ApplicationHooks.openBrowser(ApplicationHooks.java:23)
]]>
    </error>
  </testcase> <!-- runScenario -->
  <system-out/>
</testsuite> <!-- UiFeature.AmazonTestRunner -->
