<?xml version="1.0" encoding="UTF-8"?>
<!-- Generated by org.testng.reporters.JUnitReportReporter -->
<testsuite hostname="DESKTOP-KKBRB00" failures="0" tests="3" name="runner.SetOfDataRunner" time="0.251" errors="0" timestamp="2024-10-05T21:23:31 IST" skipped="0">
  <testcase classname="runner.SetOfDataRunner" name="runScenario" time="0.193"/>
  <system-out/>
  <testcase classname="runner.SetOfDataRunner" name="runScenario" time="0.033"/>
  <system-out/>
  <testcase classname="runner.SetOfDataRunner" name="runScenario" time="0.025"/>
  <system-out/>
</testsuite> <!-- runner.SetOfDataRunner -->
