<?xml version="1.0" encoding="UTF-8"?>
<!-- Generated by org.testng.reporters.JUnitReportReporter -->
<testsuite hostname="DESKTOP-KKBRB00" failures="0" tests="3" name="runner.ProfileRunner" time="0.219" errors="0" timestamp="2024-10-04T19:43:26 IST" skipped="0">
  <testcase classname="runner.ProfileRunner" name="runScenario" time="0.182"/>
  <system-out/>
  <testcase classname="runner.ProfileRunner" name="runScenario" time="0.013"/>
  <system-out/>
  <testcase classname="runner.ProfileRunner" name="runScenario" time="0.024"/>
  <system-out/>
</testsuite> <!-- runner.ProfileRunner -->
