<?xml version="1.0" encoding="UTF-8"?>
<!-- Generated by org.testng.reporters.JUnitReportReporter -->
<testsuite hostname="DESKTOP-KKBRB00" failures="0" tests="1" name="runner.LoginWithDataRunner" time="0.245" errors="0" timestamp="2024-10-05T21:20:19 IST" skipped="0">
  <testcase classname="runner.LoginWithDataRunner" name="runScenario" time="0.245"/>
  <system-out/>
</testsuite> <!-- runner.LoginWithDataRunner -->
